17/Mar/2021:10:21:28 007 [Calculator.java] [INFO] Calculator.Calculator Base and exponent are :[-9.0 ,1.0]
17/Mar/2021:10:21:28 022 [Calculator.java] [INFO] Calculator.Calculator Base and exponent are :[10 ,-9.0]
17/Mar/2021:10:21:28 023 [Calculator.java] [INFO] Calculator.Calculator Base and exponent are :[10 ,1000.0]
17/Mar/2021:10:21:28 024 [Calculator.java] [INFO] Calculator.Calculator Base and exponent are :[10 ,1000.0]
17/Mar/2021:10:21:28 026 [Calculator.java] [INFO] Calculator.Calculator Base and exponent are :[10.0 ,3.0]
17/Mar/2021:10:21:28 027 [Calculator.java] [INFO] Calculator.Calculator Base and exponent are :[10.0 ,3.0]
17/Mar/2021:10:21:28 028 [Calculator.java] [INFO] Calculator.Calculator Number entered is :[-9.0]
17/Mar/2021:10:21:28 029 [Calculator.java] [INFO] Calculator.Calculator Number entered is :[4.0]
17/Mar/2021:10:21:28 030 [Calculator.java] [INFO] Calculator.Calculator Number entered is :[3.0]
17/Mar/2021:10:21:28 031 [Calculator.java] [INFO] Calculator.Calculator Number for square root :[81.0]
17/Mar/2021:10:21:28 032 [Calculator.java] [INFO] Calculator.Calculator Number for square root :[81.0]
17/Mar/2021:10:21:28 033 [Calculator.java] [INFO] Calculator.Calculator Number for square root :[-9.0]
17/Mar/2021:10:22:35 081 [Calculator.java] [INFO] Calculator.Calculator Number entered is :[4.0]
17/Mar/2021:10:22:36 875 [Calculator.java] [INFO] Calculator.Calculator Base and exponent are :[10 ,2.0]
17/Mar/2021:10:22:39 831 [Calculator.java] [INFO] Calculator.Calculator Base and exponent are :[5.0 ,2.0]
17/Mar/2021:10:23:08 524 [Calculator.java] [INFO] Calculator.Calculator Number for square root :[81.0]
17/Mar/2021:10:23:13 244 [Calculator.java] [INFO] Calculator.Calculator Number entered is :[45.0]
17/Mar/2021:10:23:24 474 [Calculator.java] [INFO] Calculator.Calculator Base and exponent are :[10 ,48.0]
17/Mar/2021:10:23:29 537 [Calculator.java] [INFO] Calculator.Calculator Base and exponent are :[8.0 ,9.0]
17/Mar/2021:10:25:30 863 [Calculator.java] [INFO] Calculator.Calculator Base and exponent are :[-9.0 ,1.0]
17/Mar/2021:10:25:30 883 [Calculator.java] [INFO] Calculator.Calculator Base and exponent are :[10 ,-9.0]
17/Mar/2021:10:25:30 884 [Calculator.java] [INFO] Calculator.Calculator Base and exponent are :[10 ,1000.0]
17/Mar/2021:10:25:30 885 [Calculator.java] [INFO] Calculator.Calculator Base and exponent are :[10 ,1000.0]
17/Mar/2021:10:25:30 886 [Calculator.java] [INFO] Calculator.Calculator Base and exponent are :[10.0 ,3.0]
17/Mar/2021:10:25:30 887 [Calculator.java] [INFO] Calculator.Calculator Base and exponent are :[10.0 ,3.0]
17/Mar/2021:10:25:30 889 [Calculator.java] [INFO] Calculator.Calculator Number entered is :[-9.0]
17/Mar/2021:10:25:30 890 [Calculator.java] [INFO] Calculator.Calculator Number entered is :[4.0]
17/Mar/2021:10:25:30 891 [Calculator.java] [INFO] Calculator.Calculator Number entered is :[3.0]
17/Mar/2021:10:25:30 892 [Calculator.java] [INFO] Calculator.Calculator Number for square root :[81.0]
17/Mar/2021:10:25:30 893 [Calculator.java] [INFO] Calculator.Calculator Number for square root :[81.0]
17/Mar/2021:10:25:30 895 [Calculator.java] [INFO] Calculator.Calculator Number for square root :[-9.0]
17/Mar/2021:10:25:55 911 [Calculator.java] [INFO] Calculator.Calculator Base and exponent are :[5.0 ,5.0]
17/Mar/2021:10:26:43 569 [Calculator.java] [INFO] Calculator.Calculator Base and exponent are :[-9.0 ,1.0]
17/Mar/2021:10:26:43 576 [Calculator.java] [INFO] Calculator.Calculator Base and exponent are :[10 ,-9.0]
17/Mar/2021:10:26:43 579 [Calculator.java] [INFO] Calculator.Calculator Base and exponent are :[10 ,1000.0]
17/Mar/2021:10:26:43 580 [Calculator.java] [INFO] Calculator.Calculator Base and exponent are :[10 ,1000.0]
17/Mar/2021:10:26:43 581 [Calculator.java] [INFO] Calculator.Calculator Base and exponent are :[10.0 ,3.0]
17/Mar/2021:10:26:43 582 [Calculator.java] [INFO] Calculator.Calculator Base and exponent are :[10.0 ,3.0]
17/Mar/2021:10:26:43 583 [Calculator.java] [INFO] Calculator.Calculator Number entered is :[-9.0]
17/Mar/2021:10:26:43 584 [Calculator.java] [INFO] Calculator.Calculator Number entered is :[4.0]
17/Mar/2021:10:26:43 584 [Calculator.java] [INFO] Calculator.Calculator Number entered is :[3.0]
17/Mar/2021:10:26:43 586 [Calculator.java] [INFO] Calculator.Calculator Number for square root :[81.0]
17/Mar/2021:10:26:43 586 [Calculator.java] [INFO] Calculator.Calculator Number for square root :[81.0]
17/Mar/2021:10:26:43 587 [Calculator.java] [INFO] Calculator.Calculator Number for square root :[-9.0]
17/Mar/2021:10:26:57 062 [Calculator.java] [INFO] Calculator.Calculator Number for square root :[89.0]
17/Mar/2021:10:27:02 931 [Calculator.java] [INFO] Calculator.Calculator Number entered is :[15.0]
17/Mar/2021:10:27:06 812 [Calculator.java] [INFO] Calculator.Calculator Base and exponent are :[10 ,2.0]
17/Mar/2021:10:28:12 750 [Calculator.java] [INFO] Calculator.Calculator Base and exponent are :[-9.0 ,1.0]
17/Mar/2021:10:28:12 756 [Calculator.java] [INFO] Calculator.Calculator Base and exponent are :[10 ,-9.0]
17/Mar/2021:10:28:12 758 [Calculator.java] [INFO] Calculator.Calculator Base and exponent are :[10 ,1000.0]
17/Mar/2021:10:28:12 759 [Calculator.java] [INFO] Calculator.Calculator Base and exponent are :[10 ,1000.0]
17/Mar/2021:10:28:12 760 [Calculator.java] [INFO] Calculator.Calculator Base and exponent are :[10.0 ,3.0]
17/Mar/2021:10:28:12 761 [Calculator.java] [INFO] Calculator.Calculator Base and exponent are :[10.0 ,3.0]
17/Mar/2021:10:28:12 762 [Calculator.java] [INFO] Calculator.Calculator Number entered is :[-9.0]
17/Mar/2021:10:28:12 764 [Calculator.java] [INFO] Calculator.Calculator Number entered is :[4.0]
17/Mar/2021:10:28:12 764 [Calculator.java] [INFO] Calculator.Calculator Number entered is :[3.0]
17/Mar/2021:10:28:12 765 [Calculator.java] [INFO] Calculator.Calculator Number for square root :[81.0]
17/Mar/2021:10:28:12 766 [Calculator.java] [INFO] Calculator.Calculator Number for square root :[81.0]
17/Mar/2021:10:28:12 767 [Calculator.java] [INFO] Calculator.Calculator Number for square root :[-9.0]
17/Mar/2021:10:28:25 876 [Calculator.java] [INFO] Calculator.Calculator Number for square root :[15.0]
17/Mar/2021:10:28:40 244 [Calculator.java] [INFO] Calculator.Calculator Number entered is :[12.0]
17/Mar/2021:10:28:44 348 [Calculator.java] [INFO] Calculator.Calculator Base and exponent are :[10 ,23.0]
17/Mar/2021:19:34:27 803 [Calculator.java] [INFO] Calculator.Calculator Number for square root :[225.0]
17/Mar/2021:19:56:13 473 [Calculator.java] [INFO] Calculator.Calculator Base and exponent are :[-9.0 ,1.0]
17/Mar/2021:19:56:13 480 [Calculator.java] [INFO] Calculator.Calculator Base and exponent are :[10 ,-9.0]
17/Mar/2021:19:56:13 482 [Calculator.java] [INFO] Calculator.Calculator Base and exponent are :[10 ,1000.0]
17/Mar/2021:19:56:13 484 [Calculator.java] [INFO] Calculator.Calculator Base and exponent are :[10 ,1000.0]
17/Mar/2021:19:56:13 489 [Calculator.java] [INFO] Calculator.Calculator Base and exponent are :[10.0 ,3.0]
17/Mar/2021:19:56:13 491 [Calculator.java] [INFO] Calculator.Calculator Base and exponent are :[10.0 ,3.0]
17/Mar/2021:19:56:13 494 [Calculator.java] [INFO] Calculator.Calculator Number entered is :[-9.0]
17/Mar/2021:19:56:13 497 [Calculator.java] [INFO] Calculator.Calculator Number entered is :[4.0]
17/Mar/2021:19:56:13 498 [Calculator.java] [INFO] Calculator.Calculator Number entered is :[3.0]
17/Mar/2021:19:56:13 500 [Calculator.java] [INFO] Calculator.Calculator Number for square root :[81.0]
17/Mar/2021:19:56:13 500 [Calculator.java] [INFO] Calculator.Calculator Number for square root :[81.0]
17/Mar/2021:19:56:13 501 [Calculator.java] [INFO] Calculator.Calculator Number for square root :[-9.0]
